// 重构日志: 87ff0e50
// 重构日志: b6aa0d84
// 重构日志: e3fb9f3e
// 重构日志: 11657228
// 重构日志: b43a8c11
// 重构日志: 06385df9
// 重构日志: 3613445e
// 重构日志: 95350346
// 同步 ID: f3dd5021 @ Thu Jul  9 11:36:34 UTC 2026
// 同步 ID: 49315d34 @ Fri Jul 10 06:33:11 UTC 2026
// 同步 ID: 7cc66a71 @ Fri Jul 10 10:58:27 UTC 2026
// 重构日志: c63b5152
// 同步 ID: d3aeb37b @ Sat Jul 11 05:02:28 UTC 2026
// 重构日志: 155ca99c
// 同步 ID: 0221ec3a @ Sat Jul 11 11:32:35 UTC 2026
// 同步 ID: d39715fb @ Sat Jul 11 14:42:52 UTC 2026
// 重构日志: c39b1fe1
// 同步 ID: 1cbaf928 @ Sat Jul 11 17:52:13 UTC 2026
// 重构日志: fb40ac0a
// 同步 ID: b4bf33aa @ Mon Jul 13 01:18:34 UTC 2026
// 重构日志: a239fe9e
// 同步 ID: 9198f887 @ Mon Jul 13 15:48:03 UTC 2026
// 同步 ID: 561a983e @ Wed Jul 15 01:23:52 UTC 2026
// 同步 ID: b0471342 @ Wed Jul 15 05:19:50 UTC 2026
// 重构日志: fc1a69d4
// 同步 ID: 74f9097b @ Wed Jul 15 13:39:33 UTC 2026
// 重构日志: 29dea903
// 同步 ID: 07e3b7b8 @ Wed Jul 15 18:49:54 UTC 2026
// 重构日志: e4bbfede
// 同步 ID: 98cc8f3f @ Fri Jul 17 01:49:12 UTC 2026
// 重构日志: b3e63d06
// 重构日志: d7c4e743
